<?xml version="1.0" encoding="UTF-8"?>
<testng-results skipped="0" failed="0" ignored="0" total="3" passed="3">
  <reporter-output>
  </reporter-output>
  <suite name="Default suite" duration-ms="66422" started-at="2018-05-22T08:36:12Z" finished-at="2018-05-22T08:37:19Z">
    <groups>
    </groups>
    <test name="Default test" duration-ms="66422" started-at="2018-05-22T08:36:12Z" finished-at="2018-05-22T08:37:19Z">
      <class name="com.test.testOne">
        <test-method status="PASS" signature="test1()[pri:0, instance:com.test.testOne@3bfdc050]" name="test1" duration-ms="64005" started-at="2018-05-22T10:36:12Z" finished-at="2018-05-22T10:37:16Z">
          <reporter-output>
          </reporter-output>
        </test-method> <!-- test1 -->
        <test-method status="PASS" signature="test2()[pri:0, instance:com.test.testOne@3bfdc050]" name="test2" duration-ms="1045" started-at="2018-05-22T10:37:16Z" finished-at="2018-05-22T10:37:17Z">
          <reporter-output>
          </reporter-output>
        </test-method> <!-- test2 -->
        <test-method status="PASS" signature="test3()[pri:0, instance:com.test.testOne@3bfdc050]" name="test3" duration-ms="1352" started-at="2018-05-22T10:37:17Z" finished-at="2018-05-22T10:37:19Z">
          <reporter-output>
          </reporter-output>
        </test-method> <!-- test3 -->
      </class> <!-- com.test.testOne -->
    </test> <!-- Default test -->
  </suite> <!-- Default suite -->
</testng-results>
